Performing C++ SOURCE FILE Test ATOMIC_LIBRARY_NATIVE failed with the following output:
Change Dir: /home/borijoa/work/Metabuli/build/CMakeFiles/CMakeTmp

Run Build Command(s):/usr/bin/gmake -f Makefile cmTC_20de2/fast && gmake: Warning: File 'Makefile' has modification time 0.022 s in the future
/usr/bin/gmake  -f CMakeFiles/cmTC_20de2.dir/build.make CMakeFiles/cmTC_20de2.dir/build
gmake[1]: Entering directory '/home/borijoa/work/Metabuli/build/CMakeFiles/CMakeTmp'
gmake[1]: Warning: File 'CMakeFiles/cmTC_20de2.dir/flags.make' has modification time 0.019 s in the future
Building CXX object CMakeFiles/cmTC_20de2.dir/src.cxx.o
/usr/bin/c++ -DATOMIC_LIBRARY_NATIVE   -o CMakeFiles/cmTC_20de2.dir/src.cxx.o -c /home/borijoa/work/Metabuli/build/CMakeFiles/CMakeTmp/src.cxx
Linking CXX executable cmTC_20de2
/usr/bin/cmake -E cmake_link_script CMakeFiles/cmTC_20de2.dir/link.txt --verbose=1
/usr/bin/c++ -rdynamic CMakeFiles/cmTC_20de2.dir/src.cxx.o -o cmTC_20de2 
/usr/bin/ld: CMakeFiles/cmTC_20de2.dir/src.cxx.o: in function `main':
src.cxx:(.text+0x42): undefined reference to `__atomic_fetch_add_16'
collect2: error: ld returned 1 exit status
gmake[1]: *** [CMakeFiles/cmTC_20de2.dir/build.make:99: cmTC_20de2] Error 1
gmake[1]: Leaving directory '/home/borijoa/work/Metabuli/build/CMakeFiles/CMakeTmp'
gmake: *** [Makefile:127: cmTC_20de2/fast] Error 2


Source file was:

           int main() {
             volatile unsigned __int128 all_ = 4;
             __atomic_fetch_add(&all_, 8, __ATOMIC_RELAXED);
             return 0;
           }
        
